{"/Users/jared/Desktop/after_school_learning/cucumber-cypress-jest/cucjestcypress/src/components/HelloWorld.vue": {"path":"/Users/jared/Desktop/after_school_learning/cucumber-cypress-jest/cucjestcypress/src/components/HelloWorld.vue","statementMap":{"0":{"start":{"line":4,"column":0},"end":{"line":6,"column":3}},"1":{"start":{"line":7,"column":0},"end":{"line":7,"column":25}},"2":{"start":{"line":8,"column":15},"end":{"line":13,"column":1}},"3":{"start":{"line":16,"column":0},"end":{"line":16,"column":13}},"4":{"start":{"line":18,"column":0},"end":{"line":20,"column":3}},"5":{"start":{"line":21,"column":0},"end":{"line":21,"column":24}},"6":{"start":{"line":22,"column":11},"end":{"line":22,"column":25}},"7":{"start":{"line":23,"column":19},"end":{"line":25,"column":1}},"8":{"start":{"line":26,"column":32},"end":{"line":26,"column":2184}},"9":{"start":{"line":28,"column":2},"end":{"line":28,"column":187}},"10":{"start":{"line":29,"column":2},"end":{"line":29,"column":49}}},"fnMap":{"0":{"name":"render","decl":{"start":{"line":27,"column":9},"end":{"line":27,"column":15}},"loc":{"start":{"line":27,"column":30},"end":{"line":29,"column":1}},"line":27}},"branchMap":{},"s":{"0":1,"1":1,"2":1,"3":1,"4":1,"5":1,"6":1,"7":1,"8":1,"9":1,"10":1},"f":{"0":1},"b":{},"inputSourceMap":{"0":"{","1":"\"","2":"v","3":"e","4":"r","5":"s","6":"i","7":"o","8":"n","9":"\"","10":":","11":"3","12":",","13":"\"","14":"s","15":"o","16":"u","17":"r","18":"c","19":"e","20":"s","21":"\"","22":":","23":"[","24":"\"","25":"/","26":"U","27":"s","28":"e","29":"r","30":"s","31":"/","32":"j","33":"a","34":"r","35":"e","36":"d","37":"/","38":"D","39":"e","40":"s","41":"k","42":"t","43":"o","44":"p","45":"/","46":"a","47":"f","48":"t","49":"e","50":"r","51":"_","52":"s","53":"c","54":"h","55":"o","56":"o","57":"l","58":"_","59":"l","60":"e","61":"a","62":"r","63":"n","64":"i","65":"n","66":"g","67":"/","68":"c","69":"u","70":"c","71":"u","72":"m","73":"b","74":"e","75":"r","76":"-","77":"c","78":"y","79":"p","80":"r","81":"e","82":"s","83":"s","84":"-","85":"j","86":"e","87":"s","88":"t","89":"/","90":"c","91":"u","92":"c","93":"j","94":"e","95":"s","96":"t","97":"c","98":"y","99":"p","100":"r","101":"e","102":"s","103":"s","104":"/","105":"s","106":"r","107":"c","108":"/","109":"c","110":"o","111":"m","112":"p","113":"o","114":"n","115":"e","116":"n","117":"t","118":"s","119":"/","120":"H","121":"e","122":"l","123":"l","124":"o","125":"W","126":"o","127":"r","128":"l","129":"d","130":".","131":"v","132":"u","133":"e","134":"\"","135":"]","136":",","137":"\"","138":"n","139":"a","140":"m","141":"e","142":"s","143":"\"","144":":","145":"[","146":"]","147":",","148":"\"","149":"m","150":"a","151":"p","152":"p","153":"i","154":"n","155":"g","156":"s","157":"\"","158":":","159":"\"","160":";","161":";","162":";","163":";","164":";","165":";","166":";","167":"e","168":"A","169":"y","170":"H","171":"e","172":";","173":"E","174":"A","175":"C","176":"b","177":",","178":"I","179":"A","180":"A","181":"I","182":",","183":"E","184":"A","185":"A","186":"E","187":",","188":"Y","189":"A","190":"A","191":"Y","192":";","193":"E","194":"A","195":"C","196":"l","197":"B","198":",","199":"K","200":"A","201":"A","202":"K","203":",","204":"E","205":"A","206":"A","207":"E","208":";","209":"I","210":"A","211":"C","212":"L","213":",","214":"G","215":"A","216":"A","217":"G","218":",","219":"E","220":"A","221":"A","222":"E","223":";","224":"E","225":"A","226":"C","227":"P","228":";","229":"A","230":"A","231":"C","232":"F","233":",","234":"C","235":"A","236":"A","237":"C","238":";","239":"A","240":"A","241":"A","242":"A","243":";","244":"A","245":"A","246":"A","247":"A","248":"\"","249":",","250":"\"","251":"f","252":"i","253":"l","254":"e","255":"\"","256":":","257":"\"","258":"/","259":"U","260":"s","261":"e","262":"r","263":"s","264":"/","265":"j","266":"a","267":"r","268":"e","269":"d","270":"/","271":"D","272":"e","273":"s","274":"k","275":"t","276":"o","277":"p","278":"/","279":"a","280":"f","281":"t","282":"e","283":"r","284":"_","285":"s","286":"c","287":"h","288":"o","289":"o","290":"l","291":"_","292":"l","293":"e","294":"a","295":"r","296":"n","297":"i","298":"n","299":"g","300":"/","301":"c","302":"u","303":"c","304":"u","305":"m","306":"b","307":"e","308":"r","309":"-","310":"c","311":"y","312":"p","313":"r","314":"e","315":"s","316":"s","317":"-","318":"j","319":"e","320":"s","321":"t","322":"/","323":"c","324":"u","325":"c","326":"j","327":"e","328":"s","329":"t","330":"c","331":"y","332":"p","333":"r","334":"e","335":"s","336":"s","337":"/","338":"s","339":"r","340":"c","341":"/","342":"c","343":"o","344":"m","345":"p","346":"o","347":"n","348":"e","349":"n","350":"t","351":"s","352":"/","353":"H","354":"e","355":"l","356":"l","357":"o","358":"W","359":"o","360":"r","361":"l","362":"d","363":".","364":"v","365":"u","366":"e","367":"\"","368":",","369":"\"","370":"s","371":"o","372":"u","373":"r","374":"c","375":"e","376":"s","377":"C","378":"o","379":"n","380":"t","381":"e","382":"n","383":"t","384":"\"","385":":","386":"[","387":"\"","388":"<","389":"t","390":"e","391":"m","392":"p","393":"l","394":"a","395":"t","396":"e","397":">","398":"\\","399":"n","400":" ","401":" ","402":"<","403":"d","404":"i","405":"v","406":" ","407":"c","408":"l","409":"a","410":"s","411":"s","412":"=","413":"\\","414":"\"","415":"h","416":"e","417":"l","418":"l","419":"o","420":"\\","421":"\"","422":">","423":"\\","424":"n","425":" ","426":" ","427":" ","428":" ","429":"<","430":"h","431":"1","432":">","433":"{","434":"{","435":" ","436":"m","437":"s","438":"g","439":" ","440":"}","441":"}","442":"<","443":"/","444":"h","445":"1","446":">","447":"\\","448":"n","449":" ","450":" ","451":" ","452":" ","453":"<","454":"p","455":">","456":"\\","457":"n","458":" ","459":" ","460":" ","461":" ","462":" ","463":" ","464":"F","465":"o","466":"r","467":" ","468":"a","469":" ","470":"g","471":"u","472":"i","473":"d","474":"e","475":" ","476":"a","477":"n","478":"d","479":" ","480":"r","481":"e","482":"c","483":"i","484":"p","485":"e","486":"s","487":" ","488":"o","489":"n","490":" ","491":"h","492":"o","493":"w","494":" ","495":"t","496":"o","497":" ","498":"c","499":"o","500":"n","501":"f","502":"i","503":"g","504":"u","505":"r","506":"e","507":" ","508":"/","509":" ","510":"c","511":"u","512":"s","513":"t","514":"o","515":"m","516":"i","517":"z","518":"e","519":" ","520":"t","521":"h","522":"i","523":"s","524":" ","525":"p","526":"r","527":"o","528":"j","529":"e","530":"c","531":"t","532":",","533":"<","534":"b","535":"r","536":" ","537":"/","538":">","539":"\\","540":"n","541":" ","542":" ","543":" ","544":" ","545":" ","546":" ","547":"c","548":"h","549":"e","550":"c","551":"k","552":" ","553":"o","554":"u","555":"t","556":" ","557":"t","558":"h","559":"e","560":"\\","561":"n","562":" ","563":" ","564":" ","565":" ","566":" ","567":" ","568":"<","569":"a","570":" ","571":"h","572":"r","573":"e","574":"f","575":"=","576":"\\","577":"\"","578":"h","579":"t","580":"t","581":"p","582":"s","583":":","584":"/","585":"/","586":"c","587":"l","588":"i","589":".","590":"v","591":"u","592":"e","593":"j","594":"s","595":".","596":"o","597":"r","598":"g","599":"\\","600":"\"","601":" ","602":"t","603":"a","604":"r","605":"g","606":"e","607":"t","608":"=","609":"\\","610":"\"","611":"_","612":"b","613":"l","614":"a","615":"n","616":"k","617":"\\","618":"\"","619":" ","620":"r","621":"e","622":"l","623":"=","624":"\\","625":"\"","626":"n","627":"o","628":"o","629":"p","630":"e","631":"n","632":"e","633":"r","634":"\\","635":"\"","636":"\\","637":"n","638":" ","639":" ","640":" ","641":" ","642":" ","643":" ","644":" ","645":" ","646":">","647":"v","648":"u","649":"e","650":"-","651":"c","652":"l","653":"i","654":" ","655":"d","656":"o","657":"c","658":"u","659":"m","660":"e","661":"n","662":"t","663":"a","664":"t","665":"i","666":"o","667":"n","668":"<","669":"/","670":"a","671":"\\","672":"n","673":" ","674":" ","675":" ","676":" ","677":" ","678":" ","679":">","680":".","681":"\\","682":"n","683":" ","684":" ","685":" ","686":" ","687":"<","688":"/","689":"p","690":">","691":"\\","692":"n","693":" ","694":" ","695":" ","696":" ","697":"<","698":"h","699":"3","700":">","701":"I","702":"n","703":"s","704":"t","705":"a","706":"l","707":"l","708":"e","709":"d","710":" ","711":"C","712":"L","713":"I","714":" ","715":"P","716":"l","717":"u","718":"g","719":"i","720":"n","721":"s","722":"<","723":"/","724":"h","725":"3","726":">","727":"\\","728":"n","729":" ","730":" ","731":" ","732":" ","733":"<","734":"u","735":"l","736":">","737":"\\","738":"n","739":" ","740":" ","741":" ","742":" ","743":" ","744":" ","745":"<","746":"l","747":"i","748":">","749":"\\","750":"n","751":" ","752":" ","753":" ","754":" ","755":" ","756":" ","757":" ","758":" ","759":"<","760":"a","761":"\\","762":"n","763":" ","764":" ","765":" ","766":" ","767":" ","768":" ","769":" ","770":" ","771":" ","772":" ","773":"h","774":"r","775":"e","776":"f","777":"=","778":"\\","779":"\"","780":"h","781":"t","782":"t","783":"p","784":"s","785":":","786":"/","787":"/","788":"g","789":"i","790":"t","791":"h","792":"u","793":"b","794":".","795":"c","796":"o","797":"m","798":"/","799":"v","800":"u","801":"e","802":"j","803":"s","804":"/","805":"v","806":"u","807":"e","808":"-","809":"c","810":"l","811":"i","812":"/","813":"t","814":"r","815":"e","816":"e","817":"/","818":"d","819":"e","820":"v","821":"/","822":"p","823":"a","824":"c","825":"k","826":"a","827":"g","828":"e","829":"s","830":"/","831":"%","832":"4","833":"0","834":"v","835":"u","836":"e","837":"/","838":"c","839":"l","840":"i","841":"-","842":"p","843":"l","844":"u","845":"g","846":"i","847":"n","848":"-","849":"b","850":"a","851":"b","852":"e","853":"l","854":"\\","855":"\"","856":"\\","857":"n","858":" ","859":" ","860":" ","861":" ","862":" ","863":" ","864":" ","865":" ","866":" ","867":" ","868":"t","869":"a","870":"r","871":"g","872":"e","873":"t","874":"=","875":"\\","876":"\"","877":"_","878":"b","879":"l","880":"a","881":"n","882":"k","883":"\\","884":"\"","885":"\\","886":"n","887":" ","888":" ","889":" ","890":" ","891":" ","892":" ","893":" ","894":" ","895":" ","896":" ","897":"r","898":"e","899":"l","900":"=","901":"\\","902":"\"","903":"n","904":"o","905":"o","906":"p","907":"e","908":"n","909":"e","910":"r","911":"\\","912":"\"","913":"\\","914":"n","915":" ","916":" ","917":" ","918":" ","919":" ","920":" ","921":" ","922":" ","923":" ","924":" ","925":">","926":"b","927":"a","928":"b","929":"e","930":"l","931":"<","932":"/","933":"a","934":"\\","935":"n","936":" ","937":" ","938":" ","939":" ","940":" ","941":" ","942":" ","943":" ","944":">","945":"\\","946":"n","947":" ","948":" ","949":" ","950":" ","951":" ","952":" ","953":"<","954":"/","955":"l","956":"i","957":">","958":"\\","959":"n","960":" ","961":" ","962":" ","963":" ","964":" ","965":" ","966":"<","967":"l","968":"i","969":">","970":"\\","971":"n","972":" ","973":" ","974":" ","975":" ","976":" ","977":" ","978":" ","979":" ","980":"<","981":"a","982":"\\","983":"n","984":" ","985":" ","986":" ","987":" ","988":" ","989":" ","990":" ","991":" ","992":" ","993":" ","994":"h","995":"r","996":"e","997":"f","998":"=","999":"\\","1000":"\"","1001":"h","1002":"t","1003":"t","1004":"p","1005":"s","1006":":","1007":"/","1008":"/","1009":"g","1010":"i","1011":"t","1012":"h","1013":"u","1014":"b","1015":".","1016":"c","1017":"o","1018":"m","1019":"/","1020":"v","1021":"u","1022":"e","1023":"j","1024":"s","1025":"/","1026":"v","1027":"u","1028":"e","1029":"-","1030":"c","1031":"l","1032":"i","1033":"/","1034":"t","1035":"r","1036":"e","1037":"e","1038":"/","1039":"d","1040":"e","1041":"v","1042":"/","1043":"p","1044":"a","1045":"c","1046":"k","1047":"a","1048":"g","1049":"e","1050":"s","1051":"/","1052":"%","1053":"4","1054":"0","1055":"v","1056":"u","1057":"e","1058":"/","1059":"c","1060":"l","1061":"i","1062":"-","1063":"p","1064":"l","1065":"u","1066":"g","1067":"i","1068":"n","1069":"-","1070":"r","1071":"o","1072":"u","1073":"t","1074":"e","1075":"r","1076":"\\","1077":"\"","1078":"\\","1079":"n","1080":" ","1081":" ","1082":" ","1083":" ","1084":" ","1085":" ","1086":" ","1087":" ","1088":" ","1089":" ","1090":"t","1091":"a","1092":"r","1093":"g","1094":"e","1095":"t","1096":"=","1097":"\\","1098":"\"","1099":"_","1100":"b","1101":"l","1102":"a","1103":"n","1104":"k","1105":"\\","1106":"\"","1107":"\\","1108":"n","1109":" ","1110":" ","1111":" ","1112":" ","1113":" ","1114":" ","1115":" ","1116":" ","1117":" ","1118":" ","1119":"r","1120":"e","1121":"l","1122":"=","1123":"\\","1124":"\"","1125":"n","1126":"o","1127":"o","1128":"p","1129":"e","1130":"n","1131":"e","1132":"r","1133":"\\","1134":"\"","1135":"\\","1136":"n","1137":" ","1138":" ","1139":" ","1140":" ","1141":" ","1142":" ","1143":" ","1144":" ","1145":" ","1146":" ","1147":">","1148":"r","1149":"o","1150":"u","1151":"t","1152":"e","1153":"r","1154":"<","1155":"/","1156":"a","1157":"\\","1158":"n","1159":" ","1160":" ","1161":" ","1162":" ","1163":" ","1164":" ","1165":" ","1166":" ","1167":">","1168":"\\","1169":"n","1170":" ","1171":" ","1172":" ","1173":" ","1174":" ","1175":" ","1176":"<","1177":"/","1178":"l","1179":"i","1180":">","1181":"\\","1182":"n","1183":" ","1184":" ","1185":" ","1186":" ","1187":" ","1188":" ","1189":"<","1190":"l","1191":"i","1192":">","1193":"\\","1194":"n","1195":" ","1196":" ","1197":" ","1198":" ","1199":" ","1200":" ","1201":" ","1202":" ","1203":"<","1204":"a","1205":"\\","1206":"n","1207":" ","1208":" ","1209":" ","1210":" ","1211":" ","1212":" ","1213":" ","1214":" ","1215":" ","1216":" ","1217":"h","1218":"r","1219":"e","1220":"f","1221":"=","1222":"\\","1223":"\"","1224":"h","1225":"t","1226":"t","1227":"p","1228":"s","1229":":","1230":"/","1231":"/","1232":"g","1233":"i","1234":"t","1235":"h","1236":"u","1237":"b","1238":".","1239":"c","1240":"o","1241":"m","1242":"/","1243":"v","1244":"u","1245":"e","1246":"j","1247":"s","1248":"/","1249":"v","1250":"u","1251":"e","1252":"-","1253":"c","1254":"l","1255":"i","1256":"/","1257":"t","1258":"r","1259":"e","1260":"e","1261":"/","1262":"d","1263":"e","1264":"v","1265":"/","1266":"p","1267":"a","1268":"c","1269":"k","1270":"a","1271":"g","1272":"e","1273":"s","1274":"/","1275":"%","1276":"4","1277":"0","1278":"v","1279":"u","1280":"e","1281":"/","1282":"c","1283":"l","1284":"i","1285":"-","1286":"p","1287":"l","1288":"u","1289":"g","1290":"i","1291":"n","1292":"-","1293":"v","1294":"u","1295":"e","1296":"x","1297":"\\","1298":"\"","1299":"\\","1300":"n","1301":" ","1302":" ","1303":" ","1304":" ","1305":" ","1306":" ","1307":" ","1308":" ","1309":" ","1310":" ","1311":"t","1312":"a","1313":"r","1314":"g","1315":"e","1316":"t","1317":"=","1318":"\\","1319":"\"","1320":"_","1321":"b","1322":"l","1323":"a","1324":"n","1325":"k","1326":"\\","1327":"\"","1328":"\\","1329":"n","1330":" ","1331":" ","1332":" ","1333":" ","1334":" ","1335":" ","1336":" ","1337":" ","1338":" ","1339":" ","1340":"r","1341":"e","1342":"l","1343":"=","1344":"\\","1345":"\"","1346":"n","1347":"o","1348":"o","1349":"p","1350":"e","1351":"n","1352":"e","1353":"r","1354":"\\","1355":"\"","1356":"\\","1357":"n","1358":" ","1359":" ","1360":" ","1361":" ","1362":" ","1363":" ","1364":" ","1365":" ","1366":" ","1367":" ","1368":">","1369":"v","1370":"u","1371":"e","1372":"x","1373":"<","1374":"/","1375":"a","1376":"\\","1377":"n","1378":" ","1379":" ","1380":" ","1381":" ","1382":" ","1383":" ","1384":" ","1385":" ","1386":">","1387":"\\","1388":"n","1389":" ","1390":" ","1391":" ","1392":" ","1393":" ","1394":" ","1395":"<","1396":"/","1397":"l","1398":"i","1399":">","1400":"\\","1401":"n","1402":" ","1403":" ","1404":" ","1405":" ","1406":" ","1407":" ","1408":"<","1409":"l","1410":"i","1411":">","1412":"\\","1413":"n","1414":" ","1415":" ","1416":" ","1417":" ","1418":" ","1419":" ","1420":" ","1421":" ","1422":"<","1423":"a","1424":"\\","1425":"n","1426":" ","1427":" ","1428":" ","1429":" ","1430":" ","1431":" ","1432":" ","1433":" ","1434":" ","1435":" ","1436":"h","1437":"r","1438":"e","1439":"f","1440":"=","1441":"\\","1442":"\"","1443":"h","1444":"t","1445":"t","1446":"p","1447":"s","1448":":","1449":"/","1450":"/","1451":"g","1452":"i","1453":"t","1454":"h","1455":"u","1456":"b","1457":".","1458":"c","1459":"o","1460":"m","1461":"/","1462":"v","1463":"u","1464":"e","1465":"j","1466":"s","1467":"/","1468":"v","1469":"u","1470":"e","1471":"-","1472":"c","1473":"l","1474":"i","1475":"/","1476":"t","1477":"r","1478":"e","1479":"e","1480":"/","1481":"d","1482":"e","1483":"v","1484":"/","1485":"p","1486":"a","1487":"c","1488":"k","1489":"a","1490":"g","1491":"e","1492":"s","1493":"/","1494":"%","1495":"4","1496":"0","1497":"v","1498":"u","1499":"e","1500":"/","1501":"c","1502":"l","1503":"i","1504":"-","1505":"p","1506":"l","1507":"u","1508":"g","1509":"i","1510":"n","1511":"-","1512":"e","1513":"s","1514":"l","1515":"i","1516":"n","1517":"t","1518":"\\","1519":"\"","1520":"\\","1521":"n","1522":" ","1523":" ","1524":" ","1525":" ","1526":" ","1527":" ","1528":" ","1529":" ","1530":" ","1531":" ","1532":"t","1533":"a","1534":"r","1535":"g","1536":"e","1537":"t","1538":"=","1539":"\\","1540":"\"","1541":"_","1542":"b","1543":"l","1544":"a","1545":"n","1546":"k","1547":"\\","1548":"\"","1549":"\\","1550":"n","1551":" ","1552":" ","1553":" ","1554":" ","1555":" ","1556":" ","1557":" ","1558":" ","1559":" ","1560":" ","1561":"r","1562":"e","1563":"l","1564":"=","1565":"\\","1566":"\"","1567":"n","1568":"o","1569":"o","1570":"p","1571":"e","1572":"n","1573":"e","1574":"r","1575":"\\","1576":"\"","1577":"\\","1578":"n","1579":" ","1580":" ","1581":" ","1582":" ","1583":" ","1584":" ","1585":" ","1586":" ","1587":" ","1588":" ","1589":">","1590":"e","1591":"s","1592":"l","1593":"i","1594":"n","1595":"t","1596":"<","1597":"/","1598":"a","1599":"\\","1600":"n","1601":" ","1602":" ","1603":" ","1604":" ","1605":" ","1606":" ","1607":" ","1608":" ","1609":">","1610":"\\","1611":"n","1612":" ","1613":" ","1614":" ","1615":" ","1616":" ","1617":" ","1618":"<","1619":"/","1620":"l","1621":"i","1622":">","1623":"\\","1624":"n","1625":" ","1626":" ","1627":" ","1628":" ","1629":" ","1630":" ","1631":"<","1632":"l","1633":"i","1634":">","1635":"\\","1636":"n","1637":" ","1638":" ","1639":" ","1640":" ","1641":" ","1642":" ","1643":" ","1644":" ","1645":"<","1646":"a","1647":"\\","1648":"n","1649":" ","1650":" ","1651":" ","1652":" ","1653":" ","1654":" ","1655":" ","1656":" ","1657":" ","1658":" ","1659":"h","1660":"r","1661":"e","1662":"f","1663":"=","1664":"\\","1665":"\"","1666":"h","1667":"t","1668":"t","1669":"p","1670":"s","1671":":","1672":"/","1673":"/","1674":"g","1675":"i","1676":"t","1677":"h","1678":"u","1679":"b","1680":".","1681":"c","1682":"o","1683":"m","1684":"/","1685":"v","1686":"u","1687":"e","1688":"j","1689":"s","1690":"/","1691":"v","1692":"u","1693":"e","1694":"-","1695":"c","1696":"l","1697":"i","1698":"/","1699":"t","1700":"r","1701":"e","1702":"e","1703":"/","1704":"d","1705":"e","1706":"v","1707":"/","1708":"p","1709":"a","1710":"c","1711":"k","1712":"a","1713":"g","1714":"e","1715":"s","1716":"/","1717":"%","1718":"4","1719":"0","1720":"v","1721":"u","1722":"e","1723":"/","1724":"c","1725":"l","1726":"i","1727":"-","1728":"p","1729":"l","1730":"u","1731":"g","1732":"i","1733":"n","1734":"-","1735":"u","1736":"n","1737":"i","1738":"t","1739":"-","1740":"j","1741":"e","1742":"s","1743":"t","1744":"\\","1745":"\"","1746":"\\","1747":"n","1748":" ","1749":" ","1750":" ","1751":" ","1752":" ","1753":" ","1754":" ","1755":" ","1756":" ","1757":" ","1758":"t","1759":"a","1760":"r","1761":"g","1762":"e","1763":"t","1764":"=","1765":"\\","1766":"\"","1767":"_","1768":"b","1769":"l","1770":"a","1771":"n","1772":"k","1773":"\\","1774":"\"","1775":"\\","1776":"n","1777":" ","1778":" ","1779":" ","1780":" ","1781":" ","1782":" ","1783":" ","1784":" ","1785":" ","1786":" ","1787":"r","1788":"e","1789":"l","1790":"=","1791":"\\","1792":"\"","1793":"n","1794":"o","1795":"o","1796":"p","1797":"e","1798":"n","1799":"e","1800":"r","1801":"\\","1802":"\"","1803":"\\","1804":"n","1805":" ","1806":" ","1807":" ","1808":" ","1809":" ","1810":" ","1811":" ","1812":" ","1813":" ","1814":" ","1815":">","1816":"u","1817":"n","1818":"i","1819":"t","1820":"-","1821":"j","1822":"e","1823":"s","1824":"t","1825":"<","1826":"/","1827":"a","1828":"\\","1829":"n","1830":" ","1831":" ","1832":" ","1833":" ","1834":" ","1835":" ","1836":" ","1837":" ","1838":">","1839":"\\","1840":"n","1841":" ","1842":" ","1843":" ","1844":" ","1845":" ","1846":" ","1847":"<","1848":"/","1849":"l","1850":"i","1851":">","1852":"\\","1853":"n","1854":" ","1855":" ","1856":" ","1857":" ","1858":" ","1859":" ","1860":"<","1861":"l","1862":"i","1863":">","1864":"\\","1865":"n","1866":" ","1867":" ","1868":" ","1869":" ","1870":" ","1871":" ","1872":" ","1873":" ","1874":"<","1875":"a","1876":"\\","1877":"n","1878":" ","1879":" ","1880":" ","1881":" ","1882":" ","1883":" ","1884":" ","1885":" ","1886":" ","1887":" ","1888":"h","1889":"r","1890":"e","1891":"f","1892":"=","1893":"\\","1894":"\"","1895":"h","1896":"t","1897":"t","1898":"p","1899":"s","1900":":","1901":"/","1902":"/","1903":"g","1904":"i","1905":"t","1906":"h","1907":"u","1908":"b","1909":".","1910":"c","1911":"o","1912":"m","1913":"/","1914":"v","1915":"u","1916":"e","1917":"j","1918":"s","1919":"/","1920":"v","1921":"u","1922":"e","1923":"-","1924":"c","1925":"l","1926":"i","1927":"/","1928":"t","1929":"r","1930":"e","1931":"e","1932":"/","1933":"d","1934":"e","1935":"v","1936":"/","1937":"p","1938":"a","1939":"c","1940":"k","1941":"a","1942":"g","1943":"e","1944":"s","1945":"/","1946":"%","1947":"4","1948":"0","1949":"v","1950":"u","1951":"e","1952":"/","1953":"c","1954":"l","1955":"i","1956":"-","1957":"p","1958":"l","1959":"u","1960":"g","1961":"i","1962":"n","1963":"-","1964":"e","1965":"2","1966":"e","1967":"-","1968":"c","1969":"y","1970":"p","1971":"r","1972":"e","1973":"s","1974":"s","1975":"\\","1976":"\"","1977":"\\","1978":"n","1979":" ","1980":" ","1981":" ","1982":" ","1983":" ","1984":" ","1985":" ","1986":" ","1987":" ","1988":" ","1989":"t","1990":"a","1991":"r","1992":"g","1993":"e","1994":"t","1995":"=","1996":"\\","1997":"\"","1998":"_","1999":"b","2000":"l","2001":"a","2002":"n","2003":"k","2004":"\\","2005":"\"","2006":"\\","2007":"n","2008":" ","2009":" ","2010":" ","2011":" ","2012":" ","2013":" ","2014":" ","2015":" ","2016":" ","2017":" ","2018":"r","2019":"e","2020":"l","2021":"=","2022":"\\","2023":"\"","2024":"n","2025":"o","2026":"o","2027":"p","2028":"e","2029":"n","2030":"e","2031":"r","2032":"\\","2033":"\"","2034":"\\","2035":"n","2036":" ","2037":" ","2038":" ","2039":" ","2040":" ","2041":" ","2042":" ","2043":" ","2044":" ","2045":" ","2046":">","2047":"e","2048":"2","2049":"e","2050":"-","2051":"c","2052":"y","2053":"p","2054":"r","2055":"e","2056":"s","2057":"s","2058":"<","2059":"/","2060":"a","2061":"\\","2062":"n","2063":" ","2064":" ","2065":" ","2066":" ","2067":" ","2068":" ","2069":" ","2070":" ","2071":">","2072":"\\","2073":"n","2074":" ","2075":" ","2076":" ","2077":" ","2078":" ","2079":" ","2080":"<","2081":"/","2082":"l","2083":"i","2084":">","2085":"\\","2086":"n","2087":" ","2088":" ","2089":" ","2090":" ","2091":"<","2092":"/","2093":"u","2094":"l","2095":">","2096":"\\","2097":"n","2098":" ","2099":" ","2100":" ","2101":" ","2102":"<","2103":"h","2104":"3","2105":">","2106":"E","2107":"s","2108":"s","2109":"e","2110":"n","2111":"t","2112":"i","2113":"a","2114":"l","2115":" ","2116":"L","2117":"i","2118":"n","2119":"k","2120":"s","2121":"<","2122":"/","2123":"h","2124":"3","2125":">","2126":"\\","2127":"n","2128":" ","2129":" ","2130":" ","2131":" ","2132":"<","2133":"u","2134":"l","2135":">","2136":"\\","2137":"n","2138":" ","2139":" ","2140":" ","2141":" ","2142":" ","2143":" ","2144":"<","2145":"l","2146":"i","2147":">","2148":"\\","2149":"n","2150":" ","2151":" ","2152":" ","2153":" ","2154":" ","2155":" ","2156":" ","2157":" ","2158":"<","2159":"a","2160":" ","2161":"h","2162":"r","2163":"e","2164":"f","2165":"=","2166":"\\","2167":"\"","2168":"h","2169":"t","2170":"t","2171":"p","2172":"s","2173":":","2174":"/","2175":"/","2176":"v","2177":"u","2178":"e","2179":"j","2180":"s","2181":".","2182":"o","2183":"r","2184":"g","2185":"\\","2186":"\"","2187":" ","2188":"t","2189":"a","2190":"r","2191":"g","2192":"e","2193":"t","2194":"=","2195":"\\","2196":"\"","2197":"_","2198":"b","2199":"l","2200":"a","2201":"n","2202":"k","2203":"\\","2204":"\"","2205":" ","2206":"r","2207":"e","2208":"l","2209":"=","2210":"\\","2211":"\"","2212":"n","2213":"o","2214":"o","2215":"p","2216":"e","2217":"n","2218":"e","2219":"r","2220":"\\","2221":"\"","2222":">","2223":"C","2224":"o","2225":"r","2226":"e","2227":" ","2228":"D","2229":"o","2230":"c","2231":"s","2232":"<","2233":"/","2234":"a","2235":">","2236":"\\","2237":"n","2238":" ","2239":" ","2240":" ","2241":" ","2242":" ","2243":" ","2244":"<","2245":"/","2246":"l","2247":"i","2248":">","2249":"\\","2250":"n","2251":" ","2252":" ","2253":" ","2254":" ","2255":" ","2256":" ","2257":"<","2258":"l","2259":"i","2260":">","2261":"\\","2262":"n","2263":" ","2264":" ","2265":" ","2266":" ","2267":" ","2268":" ","2269":" ","2270":" ","2271":"<","2272":"a","2273":" ","2274":"h","2275":"r","2276":"e","2277":"f","2278":"=","2279":"\\","2280":"\"","2281":"h","2282":"t","2283":"t","2284":"p","2285":"s","2286":":","2287":"/","2288":"/","2289":"f","2290":"o","2291":"r","2292":"u","2293":"m","2294":".","2295":"v","2296":"u","2297":"e","2298":"j","2299":"s","2300":".","2301":"o","2302":"r","2303":"g","2304":"\\","2305":"\"","2306":" ","2307":"t","2308":"a","2309":"r","2310":"g","2311":"e","2312":"t","2313":"=","2314":"\\","2315":"\"","2316":"_","2317":"b","2318":"l","2319":"a","2320":"n","2321":"k","2322":"\\","2323":"\"","2324":" ","2325":"r","2326":"e","2327":"l","2328":"=","2329":"\\","2330":"\"","2331":"n","2332":"o","2333":"o","2334":"p","2335":"e","2336":"n","2337":"e","2338":"r","2339":"\\","2340":"\"","2341":"\\","2342":"n","2343":" ","2344":" ","2345":" ","2346":" ","2347":" ","2348":" ","2349":" ","2350":" ","2351":" ","2352":" ","2353":">","2354":"F","2355":"o","2356":"r","2357":"u","2358":"m","2359":"<","2360":"/","2361":"a","2362":"\\","2363":"n","2364":" ","2365":" ","2366":" ","2367":" ","2368":" ","2369":" ","2370":" ","2371":" ","2372":">","2373":"\\","2374":"n","2375":" ","2376":" ","2377":" ","2378":" ","2379":" ","2380":" ","2381":"<","2382":"/","2383":"l","2384":"i","2385":">","2386":"\\","2387":"n","2388":" ","2389":" ","2390":" ","2391":" ","2392":" ","2393":" ","2394":"<","2395":"l","2396":"i","2397":">","2398":"\\","2399":"n","2400":" ","2401":" ","2402":" ","2403":" ","2404":" ","2405":" ","2406":" ","2407":" ","2408":"<","2409":"a","2410":" ","2411":"h","2412":"r","2413":"e","2414":"f","2415":"=","2416":"\\","2417":"\"","2418":"h","2419":"t","2420":"t","2421":"p","2422":"s","2423":":","2424":"/","2425":"/","2426":"c","2427":"h","2428":"a","2429":"t","2430":".","2431":"v","2432":"u","2433":"e","2434":"j","2435":"s","2436":".","2437":"o","2438":"r","2439":"g","2440":"\\","2441":"\"","2442":" ","2443":"t","2444":"a","2445":"r","2446":"g","2447":"e","2448":"t","2449":"=","2450":"\\","2451":"\"","2452":"_","2453":"b","2454":"l","2455":"a","2456":"n","2457":"k","2458":"\\","2459":"\"","2460":" ","2461":"r","2462":"e","2463":"l","2464":"=","2465":"\\","2466":"\"","2467":"n","2468":"o","2469":"o","2470":"p","2471":"e","2472":"n","2473":"e","2474":"r","2475":"\\","2476":"\"","2477":"\\","2478":"n","2479":" ","2480":" ","2481":" ","2482":" ","2483":" ","2484":" ","2485":" ","2486":" ","2487":" ","2488":" ","2489":">","2490":"C","2491":"o","2492":"m","2493":"m","2494":"u","2495":"n","2496":"i","2497":"t","2498":"y","2499":" ","2500":"C","2501":"h","2502":"a","2503":"t","2504":"<","2505":"/","2506":"a","2507":"\\","2508":"n","2509":" ","2510":" ","2511":" ","2512":" ","2513":" ","2514":" ","2515":" ","2516":" ","2517":">","2518":"\\","2519":"n","2520":" ","2521":" ","2522":" ","2523":" ","2524":" ","2525":" ","2526":"<","2527":"/","2528":"l","2529":"i","2530":">","2531":"\\","2532":"n","2533":" ","2534":" ","2535":" ","2536":" ","2537":" ","2538":" ","2539":"<","2540":"l","2541":"i","2542":">","2543":"\\","2544":"n","2545":" ","2546":" ","2547":" ","2548":" ","2549":" ","2550":" ","2551":" ","2552":" ","2553":"<","2554":"a","2555":" ","2556":"h","2557":"r","2558":"e","2559":"f","2560":"=","2561":"\\","2562":"\"","2563":"h","2564":"t","2565":"t","2566":"p","2567":"s","2568":":","2569":"/","2570":"/","2571":"t","2572":"w","2573":"i","2574":"t","2575":"t","2576":"e","2577":"r","2578":".","2579":"c","2580":"o","2581":"m","2582":"/","2583":"v","2584":"u","2585":"e","2586":"j","2587":"s","2588":"\\","2589":"\"","2590":" ","2591":"t","2592":"a","2593":"r","2594":"g","2595":"e","2596":"t","2597":"=","2598":"\\","2599":"\"","2600":"_","2601":"b","2602":"l","2603":"a","2604":"n","2605":"k","2606":"\\","2607":"\"","2608":" ","2609":"r","2610":"e","2611":"l","2612":"=","2613":"\\","2614":"\"","2615":"n","2616":"o","2617":"o","2618":"p","2619":"e","2620":"n","2621":"e","2622":"r","2623":"\\","2624":"\"","2625":"\\","2626":"n","2627":" ","2628":" ","2629":" ","2630":" ","2631":" ","2632":" ","2633":" ","2634":" ","2635":" ","2636":" ","2637":">","2638":"T","2639":"w","2640":"i","2641":"t","2642":"t","2643":"e","2644":"r","2645":"<","2646":"/","2647":"a","2648":"\\","2649":"n","2650":" ","2651":" ","2652":" ","2653":" ","2654":" ","2655":" ","2656":" ","2657":" ","2658":">","2659":"\\","2660":"n","2661":" ","2662":" ","2663":" ","2664":" ","2665":" ","2666":" ","2667":"<","2668":"/","2669":"l","2670":"i","2671":">","2672":"\\","2673":"n","2674":" ","2675":" ","2676":" ","2677":" ","2678":" ","2679":" ","2680":"<","2681":"l","2682":"i","2683":">","2684":"\\","2685":"n","2686":" ","2687":" ","2688":" ","2689":" ","2690":" ","2691":" ","2692":" ","2693":" ","2694":"<","2695":"a","2696":" ","2697":"h","2698":"r","2699":"e","2700":"f","2701":"=","2702":"\\","2703":"\"","2704":"h","2705":"t","2706":"t","2707":"p","2708":"s","2709":":","2710":"/","2711":"/","2712":"n","2713":"e","2714":"w","2715":"s","2716":".","2717":"v","2718":"u","2719":"e","2720":"j","2721":"s","2722":".","2723":"o","2724":"r","2725":"g","2726":"\\","2727":"\"","2728":" ","2729":"t","2730":"a","2731":"r","2732":"g","2733":"e","2734":"t","2735":"=","2736":"\\","2737":"\"","2738":"_","2739":"b","2740":"l","2741":"a","2742":"n","2743":"k","2744":"\\","2745":"\"","2746":" ","2747":"r","2748":"e","2749":"l","2750":"=","2751":"\\","2752":"\"","2753":"n","2754":"o","2755":"o","2756":"p","2757":"e","2758":"n","2759":"e","2760":"r","2761":"\\","2762":"\"","2763":">","2764":"N","2765":"e","2766":"w","2767":"s","2768":"<","2769":"/","2770":"a","2771":">","2772":"\\","2773":"n","2774":" ","2775":" ","2776":" ","2777":" ","2778":" ","2779":" ","2780":"<","2781":"/","2782":"l","2783":"i","2784":">","2785":"\\","2786":"n","2787":" ","2788":" ","2789":" ","2790":" ","2791":"<","2792":"/","2793":"u","2794":"l","2795":">","2796":"\\","2797":"n","2798":" ","2799":" ","2800":" ","2801":" ","2802":"<","2803":"h","2804":"3","2805":">","2806":"E","2807":"c","2808":"o","2809":"s","2810":"y","2811":"s","2812":"t","2813":"e","2814":"m","2815":"<","2816":"/","2817":"h","2818":"3","2819":">","2820":"\\","2821":"n","2822":" ","2823":" ","2824":" ","2825":" ","2826":"<","2827":"u","2828":"l","2829":">","2830":"\\","2831":"n","2832":" ","2833":" ","2834":" ","2835":" ","2836":" ","2837":" ","2838":"<","2839":"l","2840":"i","2841":">","2842":"\\","2843":"n","2844":" ","2845":" ","2846":" ","2847":" ","2848":" ","2849":" ","2850":" ","2851":" ","2852":"<","2853":"a","2854":" ","2855":"h","2856":"r","2857":"e","2858":"f","2859":"=","2860":"\\","2861":"\"","2862":"h","2863":"t","2864":"t","2865":"p","2866":"s","2867":":","2868":"/","2869":"/","2870":"r","2871":"o","2872":"u","2873":"t","2874":"e","2875":"r","2876":".","2877":"v","2878":"u","2879":"e","2880":"j","2881":"s","2882":".","2883":"o","2884":"r","2885":"g","2886":"\\","2887":"\"","2888":" ","2889":"t","2890":"a","2891":"r","2892":"g","2893":"e","2894":"t","2895":"=","2896":"\\","2897":"\"","2898":"_","2899":"b","2900":"l","2901":"a","2902":"n","2903":"k","2904":"\\","2905":"\"","2906":" ","2907":"r","2908":"e","2909":"l","2910":"=","2911":"\\","2912":"\"","2913":"n","2914":"o","2915":"o","2916":"p","2917":"e","2918":"n","2919":"e","2920":"r","2921":"\\","2922":"\"","2923":"\\","2924":"n","2925":" ","2926":" ","2927":" ","2928":" ","2929":" ","2930":" ","2931":" ","2932":" ","2933":" ","2934":" ","2935":">","2936":"v","2937":"u","2938":"e","2939":"-","2940":"r","2941":"o","2942":"u","2943":"t","2944":"e","2945":"r","2946":"<","2947":"/","2948":"a","2949":"\\","2950":"n","2951":" ","2952":" ","2953":" ","2954":" ","2955":" ","2956":" ","2957":" ","2958":" ","2959":">","2960":"\\","2961":"n","2962":" ","2963":" ","2964":" ","2965":" ","2966":" ","2967":" ","2968":"<","2969":"/","2970":"l","2971":"i","2972":">","2973":"\\","2974":"n","2975":" ","2976":" ","2977":" ","2978":" ","2979":" ","2980":" ","2981":"<","2982":"l","2983":"i","2984":">","2985":"\\","2986":"n","2987":" ","2988":" ","2989":" ","2990":" ","2991":" ","2992":" ","2993":" ","2994":" ","2995":"<","2996":"a","2997":" ","2998":"h","2999":"r","3000":"e","3001":"f","3002":"=","3003":"\\","3004":"\"","3005":"h","3006":"t","3007":"t","3008":"p","3009":"s","3010":":","3011":"/","3012":"/","3013":"v","3014":"u","3015":"e","3016":"x","3017":".","3018":"v","3019":"u","3020":"e","3021":"j","3022":"s","3023":".","3024":"o","3025":"r","3026":"g","3027":"\\","3028":"\"","3029":" ","3030":"t","3031":"a","3032":"r","3033":"g","3034":"e","3035":"t","3036":"=","3037":"\\","3038":"\"","3039":"_","3040":"b","3041":"l","3042":"a","3043":"n","3044":"k","3045":"\\","3046":"\"","3047":" ","3048":"r","3049":"e","3050":"l","3051":"=","3052":"\\","3053":"\"","3054":"n","3055":"o","3056":"o","3057":"p","3058":"e","3059":"n","3060":"e","3061":"r","3062":"\\","3063":"\"","3064":">","3065":"v","3066":"u","3067":"e","3068":"x","3069":"<","3070":"/","3071":"a","3072":">","3073":"\\","3074":"n","3075":" ","3076":" ","3077":" ","3078":" ","3079":" ","3080":" ","3081":"<","3082":"/","3083":"l","3084":"i","3085":">","3086":"\\","3087":"n","3088":" ","3089":" ","3090":" ","3091":" ","3092":" ","3093":" ","3094":"<","3095":"l","3096":"i","3097":">","3098":"\\","3099":"n","3100":" ","3101":" ","3102":" ","3103":" ","3104":" ","3105":" ","3106":" ","3107":" ","3108":"<","3109":"a","3110":"\\","3111":"n","3112":" ","3113":" ","3114":" ","3115":" ","3116":" ","3117":" ","3118":" ","3119":" ","3120":" ","3121":" ","3122":"h","3123":"r","3124":"e","3125":"f","3126":"=","3127":"\\","3128":"\"","3129":"h","3130":"t","3131":"t","3132":"p","3133":"s","3134":":","3135":"/","3136":"/","3137":"g","3138":"i","3139":"t","3140":"h","3141":"u","3142":"b","3143":".","3144":"c","3145":"o","3146":"m","3147":"/","3148":"v","3149":"u","3150":"e","3151":"j","3152":"s","3153":"/","3154":"v","3155":"u","3156":"e","3157":"-","3158":"d","3159":"e","3160":"v","3161":"t","3162":"o","3163":"o","3164":"l","3165":"s","3166":"#","3167":"v","3168":"u","3169":"e","3170":"-","3171":"d","3172":"e","3173":"v","3174":"t","3175":"o","3176":"o","3177":"l","3178":"s","3179":"\\","3180":"\"","3181":"\\","3182":"n","3183":" ","3184":" ","3185":" ","3186":" ","3187":" ","3188":" ","3189":" ","3190":" ","3191":" ","3192":" ","3193":"t","3194":"a","3195":"r","3196":"g","3197":"e","3198":"t","3199":"=","3200":"\\","3201":"\"","3202":"_","3203":"b","3204":"l","3205":"a","3206":"n","3207":"k","3208":"\\","3209":"\"","3210":"\\","3211":"n","3212":" ","3213":" ","3214":" ","3215":" ","3216":" ","3217":" ","3218":" ","3219":" ","3220":" ","3221":" ","3222":"r","3223":"e","3224":"l","3225":"=","3226":"\\","3227":"\"","3228":"n","3229":"o","3230":"o","3231":"p","3232":"e","3233":"n","3234":"e","3235":"r","3236":"\\","3237":"\"","3238":"\\","3239":"n","3240":" ","3241":" ","3242":" ","3243":" ","3244":" ","3245":" ","3246":" ","3247":" ","3248":" ","3249":" ","3250":">","3251":"v","3252":"u","3253":"e","3254":"-","3255":"d","3256":"e","3257":"v","3258":"t","3259":"o","3260":"o","3261":"l","3262":"s","3263":"<","3264":"/","3265":"a","3266":"\\","3267":"n","3268":" ","3269":" ","3270":" ","3271":" ","3272":" ","3273":" ","3274":" ","3275":" ","3276":">","3277":"\\","3278":"n","3279":" ","3280":" ","3281":" ","3282":" ","3283":" ","3284":" ","3285":"<","3286":"/","3287":"l","3288":"i","3289":">","3290":"\\","3291":"n","3292":" ","3293":" ","3294":" ","3295":" ","3296":" ","3297":" ","3298":"<","3299":"l","3300":"i","3301":">","3302":"\\","3303":"n","3304":" ","3305":" ","3306":" ","3307":" ","3308":" ","3309":" ","3310":" ","3311":" ","3312":"<","3313":"a","3314":" ","3315":"h","3316":"r","3317":"e","3318":"f","3319":"=","3320":"\\","3321":"\"","3322":"h","3323":"t","3324":"t","3325":"p","3326":"s","3327":":","3328":"/","3329":"/","3330":"v","3331":"u","3332":"e","3333":"-","3334":"l","3335":"o","3336":"a","3337":"d","3338":"e","3339":"r","3340":".","3341":"v","3342":"u","3343":"e","3344":"j","3345":"s","3346":".","3347":"o","3348":"r","3349":"g","3350":"\\","3351":"\"","3352":" ","3353":"t","3354":"a","3355":"r","3356":"g","3357":"e","3358":"t","3359":"=","3360":"\\","3361":"\"","3362":"_","3363":"b","3364":"l","3365":"a","3366":"n","3367":"k","3368":"\\","3369":"\"","3370":" ","3371":"r","3372":"e","3373":"l","3374":"=","3375":"\\","3376":"\"","3377":"n","3378":"o","3379":"o","3380":"p","3381":"e","3382":"n","3383":"e","3384":"r","3385":"\\","3386":"\"","3387":"\\","3388":"n","3389":" ","3390":" ","3391":" ","3392":" ","3393":" ","3394":" ","3395":" ","3396":" ","3397":" ","3398":" ","3399":">","3400":"v","3401":"u","3402":"e","3403":"-","3404":"l","3405":"o","3406":"a","3407":"d","3408":"e","3409":"r","3410":"<","3411":"/","3412":"a","3413":"\\","3414":"n","3415":" ","3416":" ","3417":" ","3418":" ","3419":" ","3420":" ","3421":" ","3422":" ","3423":">","3424":"\\","3425":"n","3426":" ","3427":" ","3428":" ","3429":" ","3430":" ","3431":" ","3432":"<","3433":"/","3434":"l","3435":"i","3436":">","3437":"\\","3438":"n","3439":" ","3440":" ","3441":" ","3442":" ","3443":" ","3444":" ","3445":"<","3446":"l","3447":"i","3448":">","3449":"\\","3450":"n","3451":" ","3452":" ","3453":" ","3454":" ","3455":" ","3456":" ","3457":" ","3458":" ","3459":"<","3460":"a","3461":"\\","3462":"n","3463":" ","3464":" ","3465":" ","3466":" ","3467":" ","3468":" ","3469":" ","3470":" ","3471":" ","3472":" ","3473":"h","3474":"r","3475":"e","3476":"f","3477":"=","3478":"\\","3479":"\"","3480":"h","3481":"t","3482":"t","3483":"p","3484":"s","3485":":","3486":"/","3487":"/","3488":"g","3489":"i","3490":"t","3491":"h","3492":"u","3493":"b","3494":".","3495":"c","3496":"o","3497":"m","3498":"/","3499":"v","3500":"u","3501":"e","3502":"j","3503":"s","3504":"/","3505":"a","3506":"w","3507":"e","3508":"s","3509":"o","3510":"m","3511":"e","3512":"-","3513":"v","3514":"u","3515":"e","3516":"\\","3517":"\"","3518":"\\","3519":"n","3520":" ","3521":" ","3522":" ","3523":" ","3524":" ","3525":" ","3526":" ","3527":" ","3528":" ","3529":" ","3530":"t","3531":"a","3532":"r","3533":"g","3534":"e","3535":"t","3536":"=","3537":"\\","3538":"\"","3539":"_","3540":"b","3541":"l","3542":"a","3543":"n","3544":"k","3545":"\\","3546":"\"","3547":"\\","3548":"n","3549":" ","3550":" ","3551":" ","3552":" ","3553":" ","3554":" ","3555":" ","3556":" ","3557":" ","3558":" ","3559":"r","3560":"e","3561":"l","3562":"=","3563":"\\","3564":"\"","3565":"n","3566":"o","3567":"o","3568":"p","3569":"e","3570":"n","3571":"e","3572":"r","3573":"\\","3574":"\"","3575":"\\","3576":"n","3577":" ","3578":" ","3579":" ","3580":" ","3581":" ","3582":" ","3583":" ","3584":" ","3585":" ","3586":" ","3587":">","3588":"a","3589":"w","3590":"e","3591":"s","3592":"o","3593":"m","3594":"e","3595":"-","3596":"v","3597":"u","3598":"e","3599":"<","3600":"/","3601":"a","3602":"\\","3603":"n","3604":" ","3605":" ","3606":" ","3607":" ","3608":" ","3609":" ","3610":" ","3611":" ","3612":">","3613":"\\","3614":"n","3615":" ","3616":" ","3617":" ","3618":" ","3619":" ","3620":" ","3621":"<","3622":"/","3623":"l","3624":"i","3625":">","3626":"\\","3627":"n","3628":" ","3629":" ","3630":" ","3631":" ","3632":"<","3633":"/","3634":"u","3635":"l","3636":">","3637":"\\","3638":"n","3639":" ","3640":" ","3641":"<","3642":"/","3643":"d","3644":"i","3645":"v","3646":">","3647":"\\","3648":"n","3649":"<","3650":"/","3651":"t","3652":"e","3653":"m","3654":"p","3655":"l","3656":"a","3657":"t","3658":"e","3659":">","3660":"\\","3661":"n","3662":"\\","3663":"n","3664":"<","3665":"s","3666":"c","3667":"r","3668":"i","3669":"p","3670":"t","3671":">","3672":"\\","3673":"n","3674":"e","3675":"x","3676":"p","3677":"o","3678":"r","3679":"t","3680":" ","3681":"d","3682":"e","3683":"f","3684":"a","3685":"u","3686":"l","3687":"t","3688":" ","3689":"{","3690":"\\","3691":"n","3692":" ","3693":" ","3694":"n","3695":"a","3696":"m","3697":"e","3698":":","3699":" ","3700":"\\","3701":"\"","3702":"H","3703":"e","3704":"l","3705":"l","3706":"o","3707":"W","3708":"o","3709":"r","3710":"l","3711":"d","3712":"\\","3713":"\"","3714":",","3715":"\\","3716":"n","3717":" ","3718":" ","3719":"p","3720":"r","3721":"o","3722":"p","3723":"s","3724":":","3725":" ","3726":"{","3727":"\\","3728":"n","3729":" ","3730":" ","3731":" ","3732":" ","3733":"m","3734":"s","3735":"g","3736":":","3737":" ","3738":"S","3739":"t","3740":"r","3741":"i","3742":"n","3743":"g","3744":",","3745":"\\","3746":"n","3747":" ","3748":" ","3749":"}","3750":",","3751":"\\","3752":"n","3753":"}","3754":";","3755":"\\","3756":"n","3757":"<","3758":"/","3759":"s","3760":"c","3761":"r","3762":"i","3763":"p","3764":"t","3765":">","3766":"\\","3767":"n","3768":"\\","3769":"n","3770":"<","3771":"!","3772":"-","3773":"-","3774":" ","3775":"A","3776":"d","3777":"d","3778":" ","3779":"\\","3780":"\"","3781":"s","3782":"c","3783":"o","3784":"p","3785":"e","3786":"d","3787":"\\","3788":"\"","3789":" ","3790":"a","3791":"t","3792":"t","3793":"r","3794":"i","3795":"b","3796":"u","3797":"t","3798":"e","3799":" ","3800":"t","3801":"o","3802":" ","3803":"l","3804":"i","3805":"m","3806":"i","3807":"t","3808":" ","3809":"C","3810":"S","3811":"S","3812":" ","3813":"t","3814":"o","3815":" ","3816":"t","3817":"h","3818":"i","3819":"s","3820":" ","3821":"c","3822":"o","3823":"m","3824":"p","3825":"o","3826":"n","3827":"e","3828":"n","3829":"t","3830":" ","3831":"o","3832":"n","3833":"l","3834":"y","3835":" ","3836":"-","3837":"-","3838":">","3839":"\\","3840":"n","3841":"<","3842":"s","3843":"t","3844":"y","3845":"l","3846":"e","3847":" ","3848":"s","3849":"c","3850":"o","3851":"p","3852":"e","3853":"d","3854":">","3855":"\\","3856":"n","3857":"h","3858":"3","3859":" ","3860":"{","3861":"\\","3862":"n","3863":" ","3864":" ","3865":"m","3866":"a","3867":"r","3868":"g","3869":"i","3870":"n","3871":":","3872":" ","3873":"4","3874":"0","3875":"p","3876":"x","3877":" ","3878":"0","3879":" ","3880":"0","3881":";","3882":"\\","3883":"n","3884":"}","3885":"\\","3886":"n","3887":"u","3888":"l","3889":" ","3890":"{","3891":"\\","3892":"n","3893":" ","3894":" ","3895":"l","3896":"i","3897":"s","3898":"t","3899":"-","3900":"s","3901":"t","3902":"y","3903":"l","3904":"e","3905":"-","3906":"t","3907":"y","3908":"p","3909":"e","3910":":","3911":" ","3912":"n","3913":"o","3914":"n","3915":"e","3916":";","3917":"\\","3918":"n","3919":" ","3920":" ","3921":"p","3922":"a","3923":"d","3924":"d","3925":"i","3926":"n","3927":"g","3928":":","3929":" ","3930":"0","3931":";","3932":"\\","3933":"n","3934":"}","3935":"\\","3936":"n","3937":"l","3938":"i","3939":" ","3940":"{","3941":"\\","3942":"n","3943":" ","3944":" ","3945":"d","3946":"i","3947":"s","3948":"p","3949":"l","3950":"a","3951":"y","3952":":","3953":" ","3954":"i","3955":"n","3956":"l","3957":"i","3958":"n","3959":"e","3960":"-","3961":"b","3962":"l","3963":"o","3964":"c","3965":"k","3966":";","3967":"\\","3968":"n","3969":" ","3970":" ","3971":"m","3972":"a","3973":"r","3974":"g","3975":"i","3976":"n","3977":":","3978":" ","3979":"0","3980":" ","3981":"1","3982":"0","3983":"p","3984":"x","3985":";","3986":"\\","3987":"n","3988":"}","3989":"\\","3990":"n","3991":"a","3992":" ","3993":"{","3994":"\\","3995":"n","3996":" ","3997":" ","3998":"c","3999":"o","4000":"l","4001":"o","4002":"r","4003":":","4004":" ","4005":"#","4006":"4","4007":"2","4008":"b","4009":"9","4010":"8","4011":"3","4012":";","4013":"\\","4014":"n","4015":"}","4016":"\\","4017":"n","4018":"<","4019":"/","4020":"s","4021":"t","4022":"y","4023":"l","4024":"e","4025":">","4026":"\\","4027":"n","4028":"\"","4029":"]","4030":"}"},"_coverageSchema":"1a1c01bbd47fc00a2c39e90264f33305004495a9","hash":"0ae8aeb2796b1b8e2e3263c3cae8ff141d0539c4"}
,"/Users/jared/Desktop/after_school_learning/cucumber-cypress-jest/cucjestcypress/src/store/game.js": {"path":"/Users/jared/Desktop/after_school_learning/cucumber-cypress-jest/cucjestcypress/src/store/game.js","statementMap":{"0":{"start":{"line":1,"column":14},"end":{"line":5,"column":1}},"1":{"start":{"line":7,"column":18},"end":{"line":21,"column":1}},"2":{"start":{"line":9,"column":4},"end":{"line":9,"column":25}},"3":{"start":{"line":12,"column":4},"end":{"line":12,"column":25}},"4":{"start":{"line":15,"column":4},"end":{"line":15,"column":27}},"5":{"start":{"line":18,"column":4},"end":{"line":18,"column":26}},"6":{"start":{"line":19,"column":4},"end":{"line":19,"column":27}},"7":{"start":{"line":23,"column":16},"end":{"line":39,"column":1}},"8":{"start":{"line":25,"column":4},"end":{"line":25,"column":38}},"9":{"start":{"line":25,"column":31},"end":{"line":25,"column":38}},"10":{"start":{"line":26,"column":4},"end":{"line":26,"column":31}},"11":{"start":{"line":27,"column":4},"end":{"line":27,"column":31}},"12":{"start":{"line":28,"column":4},"end":{"line":30,"column":5}},"13":{"start":{"line":29,"column":6},"end":{"line":29,"column":32}},"14":{"start":{"line":33,"column":4},"end":{"line":37,"column":5}},"15":{"start":{"line":34,"column":6},"end":{"line":34,"column":35}},"16":{"start":{"line":35,"column":11},"end":{"line":37,"column":5}},"17":{"start":{"line":36,"column":6},"end":{"line":36,"column":33}},"18":{"start":{"line":41,"column":16},"end":{"line":43,"column":1}},"19":{"start":{"line":42,"column":25},"end":{"line":42,"column":46}},"20":{"start":{"line":45,"column":20},"end":{"line":51,"column":1}}},"fnMap":{"0":{"name":"(anonymous_0)","decl":{"start":{"line":8,"column":2},"end":{"line":8,"column":3}},"loc":{"start":{"line":8,"column":25},"end":{"line":10,"column":3}},"line":8},"1":{"name":"(anonymous_1)","decl":{"start":{"line":11,"column":2},"end":{"line":11,"column":3}},"loc":{"start":{"line":11,"column":25},"end":{"line":13,"column":3}},"line":11},"2":{"name":"(anonymous_2)","decl":{"start":{"line":14,"column":2},"end":{"line":14,"column":3}},"loc":{"start":{"line":14,"column":27},"end":{"line":16,"column":3}},"line":14},"3":{"name":"(anonymous_3)","decl":{"start":{"line":17,"column":2},"end":{"line":17,"column":3}},"loc":{"start":{"line":17,"column":25},"end":{"line":20,"column":3}},"line":17},"4":{"name":"(anonymous_4)","decl":{"start":{"line":24,"column":2},"end":{"line":24,"column":3}},"loc":{"start":{"line":24,"column":27},"end":{"line":31,"column":3}},"line":24},"5":{"name":"(anonymous_5)","decl":{"start":{"line":32,"column":2},"end":{"line":32,"column":3}},"loc":{"start":{"line":32,"column":26},"end":{"line":38,"column":3}},"line":32},"6":{"name":"(anonymous_6)","decl":{"start":{"line":42,"column":14},"end":{"line":42,"column":15}},"loc":{"start":{"line":42,"column":25},"end":{"line":42,"column":46}},"line":42}},"branchMap":{"0":{"loc":{"start":{"line":25,"column":4},"end":{"line":25,"column":38}},"type":"if","locations":[{"start":{"line":25,"column":4},"end":{"line":25,"column":38}},{"start":{},"end":{}}],"line":25},"1":{"loc":{"start":{"line":28,"column":4},"end":{"line":30,"column":5}},"type":"if","locations":[{"start":{"line":28,"column":4},"end":{"line":30,"column":5}},{"start":{},"end":{}}],"line":28},"2":{"loc":{"start":{"line":33,"column":4},"end":{"line":37,"column":5}},"type":"if","locations":[{"start":{"line":33,"column":4},"end":{"line":37,"column":5}},{"start":{"line":35,"column":11},"end":{"line":37,"column":5}}],"line":33},"3":{"loc":{"start":{"line":35,"column":11},"end":{"line":37,"column":5}},"type":"if","locations":[{"start":{"line":35,"column":11},"end":{"line":37,"column":5}},{"start":{},"end":{}}],"line":35}},"s":{"0":1,"1":1,"2":3,"3":4,"4":2,"5":2,"6":2,"7":1,"8":3,"9":1,"10":2,"11":2,"12":2,"13":1,"14":2,"15":1,"16":1,"17":1,"18":1,"19":2,"20":1},"f":{"0":3,"1":4,"2":2,"3":2,"4":3,"5":2,"6":2},"b":{"0":[1,2],"1":[1,1],"2":[1,1],"3":[1,0]},"_coverageSchema":"1a1c01bbd47fc00a2c39e90264f33305004495a9","hash":"32f03b39050dae7feca33e2efa1fa60829e161a2"}
}
