TN:
SF:src/components/HelloWorld.vue
FN:27,render
FNF:1
FNH:1
FNDA:1,render
DA:4,1
DA:7,1
DA:8,1
DA:16,1
DA:18,1
DA:21,1
DA:22,1
DA:23,1
DA:26,1
DA:28,1
DA:29,1
LF:11
LH:11
BRF:0
BRH:0
end_of_record
TN:
SF:src/store/game.js
FN:8,(anonymous_0)
FN:11,(anonymous_1)
FN:14,(anonymous_2)
FN:17,(anonymous_3)
FN:24,(anonymous_4)
FN:32,(anonymous_5)
FN:42,(anonymous_6)
FNF:7
FNH:7
FNDA:3,(anonymous_0)
FNDA:4,(anonymous_1)
FNDA:2,(anonymous_2)
FNDA:2,(anonymous_3)
FNDA:3,(anonymous_4)
FNDA:2,(anonymous_5)
FNDA:2,(anonymous_6)
DA:1,1
DA:7,1
DA:9,3
DA:12,4
DA:15,2
DA:18,2
DA:19,2
DA:23,1
DA:25,3
DA:26,2
DA:27,2
DA:28,2
DA:29,1
DA:33,2
DA:34,1
DA:35,1
DA:36,1
DA:41,1
DA:42,2
DA:45,1
LF:20
LH:20
BRDA:25,0,0,1
BRDA:25,0,1,2
BRDA:28,1,0,1
BRDA:28,1,1,1
BRDA:33,2,0,1
BRDA:33,2,1,1
BRDA:35,3,0,1
BRDA:35,3,1,0
BRF:8
BRH:7
end_of_record
